<?xml version="1.0" encoding="UTF-8"?>
<!-- Generated by org.testng.reporters.JUnitXMLReporter -->
<testsuite ignored="0" hostname="DESKTOP-BC6CV40" failures="0" tests="6" name="Default test" time="0.096" errors="0" timestamp="2021-05-11T08:56:51 EDT">
  <testcase classname="com.TestNGPackage.InvocationCount" name="sum" time="0.012"/>
  <testcase classname="com.TestNGPackage.InvocationCount" name="sum" time="0.003"/>
  <testcase classname="com.TestNGPackage.InvocationCount" name="sum" time="0.003"/>
  <testcase classname="com.TestNGPackage.InvocationCount" name="sum" time="0.002"/>
  <testcase classname="com.TestNGPackage.InvocationCount" name="sum" time="0.002"/>
  <testcase classname="com.TestNGPackage.InvocationCount" name="sum" time="0.001"/>
</testsuite> <!-- Default test -->
