<?xml version="1.0" encoding="UTF-8"?>
<testng-results ignored="0" total="6" passed="6" failed="0" skipped="0">
  <reporter-output>
  </reporter-output>
  <suite started-at="2021-05-11T08:56:50 EDT" name="Default suite" finished-at="2021-05-11T08:56:51 EDT" duration-ms="96">
    <groups>
    </groups>
    <test started-at="2021-05-11T08:56:50 EDT" name="Default test" finished-at="2021-05-11T08:56:51 EDT" duration-ms="96">
      <class name="com.TestNGPackage.InvocationCount">
        <test-method signature="sum()[pri:0, instance:com.TestNGPackage.InvocationCount@12b0404f]" started-at="2021-05-11T08:56:51 EDT" name="sum" finished-at="2021-05-11T08:56:51 EDT" duration-ms="12" status="PASS">
          <reporter-output>
          </reporter-output>
        </test-method> <!-- sum -->
        <test-method signature="sum()[pri:0, instance:com.TestNGPackage.InvocationCount@12b0404f]" started-at="2021-05-11T08:56:51 EDT" name="sum" finished-at="2021-05-11T08:56:51 EDT" duration-ms="3" status="PASS">
          <reporter-output>
          </reporter-output>
        </test-method> <!-- sum -->
        <test-method signature="sum()[pri:0, instance:com.TestNGPackage.InvocationCount@12b0404f]" started-at="2021-05-11T08:56:51 EDT" name="sum" finished-at="2021-05-11T08:56:51 EDT" duration-ms="3" status="PASS">
          <reporter-output>
          </reporter-output>
        </test-method> <!-- sum -->
        <test-method signature="sum()[pri:0, instance:com.TestNGPackage.InvocationCount@12b0404f]" started-at="2021-05-11T08:56:51 EDT" name="sum" finished-at="2021-05-11T08:56:51 EDT" duration-ms="2" status="PASS">
          <reporter-output>
          </reporter-output>
        </test-method> <!-- sum -->
        <test-method signature="sum()[pri:0, instance:com.TestNGPackage.InvocationCount@12b0404f]" started-at="2021-05-11T08:56:51 EDT" name="sum" finished-at="2021-05-11T08:56:51 EDT" duration-ms="2" status="PASS">
          <reporter-output>
          </reporter-output>
        </test-method> <!-- sum -->
        <test-method signature="sum()[pri:0, instance:com.TestNGPackage.InvocationCount@12b0404f]" started-at="2021-05-11T08:56:51 EDT" name="sum" finished-at="2021-05-11T08:56:51 EDT" duration-ms="1" status="PASS">
          <reporter-output>
          </reporter-output>
        </test-method> <!-- sum -->
      </class> <!-- com.TestNGPackage.InvocationCount -->
    </test> <!-- Default test -->
  </suite> <!-- Default suite -->
</testng-results>
